/*C3*/SET SCHEMA PUBLIC
CONNECT USER SA
DISCONNECT
/*C4*/SET SCHEMA PUBLIC
CONNECT USER SA
SET AUTOCOMMIT FALSE
INSERT INTO PRODUTO VALUES(2,'Produto 3',NULL,'22',44,'Adulto',1.0)
COMMIT
SET AUTOCOMMIT TRUE
/*C5*/SET SCHEMA PUBLIC
CONNECT USER SA
/*C4*/SET AUTOCOMMIT FALSE
INSERT INTO PRODUTO VALUES(3,'TESTE @@@',NULL,'123',123,'123',0.0)
COMMIT
SET AUTOCOMMIT TRUE
/*C5*/DELETE FROM PRODUTO WHERE CODIGO=0
/*C4*/SET AUTOCOMMIT FALSE
INSERT INTO PRODUTO VALUES(4,'1',NULL,'1',1,'1',0.0)
COMMIT
SET AUTOCOMMIT TRUE
DISCONNECT
/*C6*/SET SCHEMA PUBLIC
CONNECT USER SA
DISCONNECT
/*C7*/SET SCHEMA PUBLIC
CONNECT USER SA
SET AUTOCOMMIT FALSE
INSERT INTO PRODUTO VALUES(5,'Teste',NULL,'1',1,'te',1.0)
COMMIT
SET AUTOCOMMIT TRUE
SET AUTOCOMMIT FALSE
INSERT INTO PRODUTO VALUES(6,'TTTTT',NULL,'123',1,'T',0.009999999776482582)
COMMIT
SET AUTOCOMMIT TRUE
SET AUTOCOMMIT FALSE
INSERT INTO PRODUTO VALUES(7,'Teste2',NULL,'2',2,'2',2.0)
COMMIT
SET AUTOCOMMIT TRUE
/*C5*/DELETE FROM PRODUTO WHERE CODIGO=3
/*C7*/SET AUTOCOMMIT FALSE
DELETE FROM PRODUTO WHERE CODIGO=7
COMMIT
SET AUTOCOMMIT TRUE
DISCONNECT
/*C8*/SET SCHEMA PUBLIC
CONNECT USER SA
DISCONNECT
/*C9*/SET SCHEMA PUBLIC
CONNECT USER SA
SET AUTOCOMMIT FALSE
INSERT INTO PRODUTO VALUES(8,'3',NULL,'3',3,'3',3.0)
COMMIT
SET AUTOCOMMIT TRUE
/*C5*/DELETE FROM PRODUTO WHERE CODIGO=1
/*C9*/DISCONNECT
/*C10*/SET SCHEMA PUBLIC
CONNECT USER SA
DISCONNECT
/*C11*/SET SCHEMA PUBLIC
CONNECT USER SA
DISCONNECT
/*C12*/SET SCHEMA PUBLIC
CONNECT USER SA
DISCONNECT
/*C13*/SET SCHEMA PUBLIC
CONNECT USER SA
DISCONNECT
/*C14*/SET SCHEMA PUBLIC
CONNECT USER SA
DISCONNECT
/*C15*/SET SCHEMA PUBLIC
CONNECT USER SA
DISCONNECT
/*C16*/SET SCHEMA PUBLIC
CONNECT USER SA
DISCONNECT
/*C17*/SET SCHEMA PUBLIC
CONNECT USER SA
DISCONNECT
/*C18*/SET SCHEMA PUBLIC
CONNECT USER SA
DISCONNECT
/*C19*/SET SCHEMA PUBLIC
CONNECT USER SA
SET AUTOCOMMIT FALSE
DELETE FROM PRODUTO WHERE CODIGO=8
COMMIT
SET AUTOCOMMIT TRUE
DISCONNECT
/*C20*/SET SCHEMA PUBLIC
CONNECT USER SA
DISCONNECT
/*C21*/SET SCHEMA PUBLIC
CONNECT USER SA
SET AUTOCOMMIT FALSE
DELETE FROM PRODUTO WHERE CODIGO=6
COMMIT
SET AUTOCOMMIT TRUE
SET AUTOCOMMIT FALSE
INSERT INTO PRODUTO VALUES(9,'3',NULL,'3',3,'3',0.0)
COMMIT
SET AUTOCOMMIT TRUE
SET AUTOCOMMIT FALSE
DELETE FROM PRODUTO WHERE CODIGO=5
COMMIT
SET AUTOCOMMIT TRUE
DISCONNECT
/*C22*/SET SCHEMA PUBLIC
CONNECT USER SA
DISCONNECT
/*C23*/SET SCHEMA PUBLIC
CONNECT USER SA
SET AUTOCOMMIT FALSE
DELETE FROM PRODUTO WHERE CODIGO=9
COMMIT
SET AUTOCOMMIT TRUE
SET AUTOCOMMIT FALSE
INSERT INTO PRODUTO VALUES(10,'Cal\u00e7a',NULL,'1',1,'1',1.0)
COMMIT
SET AUTOCOMMIT TRUE
SET AUTOCOMMIT FALSE
DELETE FROM PRODUTO WHERE CODIGO=4
COMMIT
SET AUTOCOMMIT TRUE
DISCONNECT
/*C24*/SET SCHEMA PUBLIC
CONNECT USER SA
DISCONNECT
/*C25*/SET SCHEMA PUBLIC
CONNECT USER SA
SET AUTOCOMMIT FALSE
INSERT INTO PRODUTO VALUES(11,'1',NULL,'1',1,'1',0.0)
COMMIT
SET AUTOCOMMIT TRUE
SET AUTOCOMMIT FALSE
INSERT INTO PRODUTO VALUES(12,'',NULL,'',NULL,'',0.0)
COMMIT
SET AUTOCOMMIT TRUE
SET AUTOCOMMIT FALSE
DELETE FROM PRODUTO WHERE CODIGO=12
COMMIT
SET AUTOCOMMIT TRUE
SET AUTOCOMMIT FALSE
DELETE FROM PRODUTO WHERE CODIGO=11
COMMIT
SET AUTOCOMMIT TRUE
SET AUTOCOMMIT FALSE
DELETE FROM PRODUTO WHERE CODIGO=10
COMMIT
SET AUTOCOMMIT TRUE
SET AUTOCOMMIT FALSE
INSERT INTO PRODUTO VALUES(13,'1',NULL,'1',1,'1',1.0)
COMMIT
SET AUTOCOMMIT TRUE
/*C5*/CREATE TABLE venda (\u000a    codigo int,\u000a    produto int,\u000a    quantidade int,\u000a    data date \u000a)
/*C25*/DISCONNECT
/*C26*/SET SCHEMA PUBLIC
CONNECT USER SA
DISCONNECT
/*C27*/SET SCHEMA PUBLIC
CONNECT USER SA
DISCONNECT
/*C28*/SET SCHEMA PUBLIC
CONNECT USER SA
DISCONNECT
/*C29*/SET SCHEMA PUBLIC
CONNECT USER SA
DISCONNECT
/*C30*/SET SCHEMA PUBLIC
CONNECT USER SA
DISCONNECT
/*C31*/SET SCHEMA PUBLIC
CONNECT USER SA
SET AUTOCOMMIT FALSE
DELETE FROM PRODUTO WHERE CODIGO=13
COMMIT
SET AUTOCOMMIT TRUE
SET AUTOCOMMIT FALSE
DELETE FROM PRODUTO WHERE CODIGO=2
COMMIT
SET AUTOCOMMIT TRUE
SET AUTOCOMMIT FALSE
INSERT INTO PRODUTO VALUES(14,'1',NULL,'1',1,'1',1.0)
COMMIT
SET AUTOCOMMIT TRUE
DISCONNECT
/*C32*/SET SCHEMA PUBLIC
CONNECT USER SA
DISCONNECT
/*C33*/SET SCHEMA PUBLIC
CONNECT USER SA
DISCONNECT
/*C34*/SET SCHEMA PUBLIC
CONNECT USER SA
DISCONNECT
/*C35*/SET SCHEMA PUBLIC
CONNECT USER SA
SET AUTOCOMMIT FALSE
SET AUTOCOMMIT TRUE
SET AUTOCOMMIT FALSE
SET AUTOCOMMIT TRUE
DISCONNECT
/*C36*/SET SCHEMA PUBLIC
CONNECT USER SA
DISCONNECT
/*C37*/SET SCHEMA PUBLIC
CONNECT USER SA
SET AUTOCOMMIT FALSE
SET AUTOCOMMIT TRUE
DISCONNECT
/*C38*/SET SCHEMA PUBLIC
CONNECT USER SA
DISCONNECT
/*C39*/SET SCHEMA PUBLIC
CONNECT USER SA
SET AUTOCOMMIT FALSE
SET AUTOCOMMIT TRUE
DISCONNECT
/*C40*/SET SCHEMA PUBLIC
CONNECT USER SA
DISCONNECT
/*C41*/SET SCHEMA PUBLIC
CONNECT USER SA
SET AUTOCOMMIT FALSE
INSERT INTO VENDA VALUES(NULL,NULL,NULL,NULL)
COMMIT
SET AUTOCOMMIT TRUE
SET AUTOCOMMIT FALSE
INSERT INTO VENDA VALUES(NULL,NULL,1,NULL)
COMMIT
SET AUTOCOMMIT TRUE
/*C5*/drop table venda
CREATE TABLE venda (\u000a    codigo int,\u000a    produto int,\u000a    quantidade int,\u000a    data date \u000a)
drop table venda
CREATE TABLE venda (\u000a    codigo INTEGER IDENTITY PRIMARY KEY,\u000a    produto int,\u000a    quantidade int,\u000a    data date \u000a)
/*C41*/DISCONNECT
/*C42*/SET SCHEMA PUBLIC
CONNECT USER SA
DISCONNECT
/*C43*/SET SCHEMA PUBLIC
CONNECT USER SA
SET AUTOCOMMIT FALSE
INSERT INTO VENDA VALUES(0,NULL,1,NULL)
COMMIT
SET AUTOCOMMIT TRUE
SET AUTOCOMMIT FALSE
INSERT INTO VENDA VALUES(1,NULL,2,NULL)
COMMIT
SET AUTOCOMMIT TRUE
DISCONNECT
/*C44*/SET SCHEMA PUBLIC
CONNECT USER SA
DISCONNECT
/*C45*/SET SCHEMA PUBLIC
CONNECT USER SA
SET AUTOCOMMIT FALSE
INSERT INTO PRODUTO VALUES(15,'Produto 1',NULL,'1',1,'1',1.0)
COMMIT
SET AUTOCOMMIT TRUE
DISCONNECT
/*C46*/SET SCHEMA PUBLIC
CONNECT USER SA
DISCONNECT
/*C47*/SET SCHEMA PUBLIC
CONNECT USER SA
DISCONNECT
/*C48*/SET SCHEMA PUBLIC
CONNECT USER SA
DISCONNECT
/*C49*/SET SCHEMA PUBLIC
CONNECT USER SA
DISCONNECT
/*C50*/SET SCHEMA PUBLIC
CONNECT USER SA
DISCONNECT
/*C51*/SET SCHEMA PUBLIC
CONNECT USER SA
/*C5*/DELETE FROM VENDA WHERE CODIGO=0
DELETE FROM VENDA WHERE CODIGO=1
/*C51*/DISCONNECT
/*C52*/SET SCHEMA PUBLIC
CONNECT USER SA
DISCONNECT
/*C53*/SET SCHEMA PUBLIC
CONNECT USER SA
DISCONNECT
/*C54*/SET SCHEMA PUBLIC
CONNECT USER SA
DISCONNECT
/*C55*/SET SCHEMA PUBLIC
CONNECT USER SA
SET AUTOCOMMIT FALSE
INSERT INTO VENDA VALUES(2,14,3,NULL)
COMMIT
SET AUTOCOMMIT TRUE
SET AUTOCOMMIT FALSE
DELETE FROM PRODUTO WHERE CODIGO=14
COMMIT
SET AUTOCOMMIT TRUE
SET AUTOCOMMIT FALSE
INSERT INTO VENDA VALUES(3,15,3,NULL)
COMMIT
SET AUTOCOMMIT TRUE
DISCONNECT
/*C56*/SET SCHEMA PUBLIC
CONNECT USER SA
DISCONNECT
/*C57*/SET SCHEMA PUBLIC
CONNECT USER SA
SET AUTOCOMMIT FALSE
INSERT INTO VENDA VALUES(4,15,111,NULL)
COMMIT
SET AUTOCOMMIT TRUE
SET AUTOCOMMIT FALSE
DELETE FROM PRODUTO WHERE CODIGO=15
INSERT INTO PRODUTO VALUES(15,'Produto 1',NULL,'1',-110,'1',1.0)
COMMIT
SET AUTOCOMMIT TRUE
SET AUTOCOMMIT FALSE
INSERT INTO PRODUTO VALUES(16,'Produto 3',NULL,'3',3,'3',1.0)
COMMIT
SET AUTOCOMMIT TRUE
SET AUTOCOMMIT FALSE
INSERT INTO VENDA VALUES(5,16,3,NULL)
COMMIT
SET AUTOCOMMIT TRUE
SET AUTOCOMMIT FALSE
DELETE FROM PRODUTO WHERE CODIGO=16
INSERT INTO PRODUTO VALUES(16,'Produto 3',NULL,'3',0,'3',1.0)
COMMIT
SET AUTOCOMMIT TRUE
SET AUTOCOMMIT FALSE
DELETE FROM PRODUTO WHERE CODIGO=16
COMMIT
SET AUTOCOMMIT TRUE
SET AUTOCOMMIT FALSE
INSERT INTO VENDA VALUES(6,15,1111,NULL)
COMMIT
SET AUTOCOMMIT TRUE
SET AUTOCOMMIT FALSE
DELETE FROM PRODUTO WHERE CODIGO=15
INSERT INTO PRODUTO VALUES(15,'Produto 1',NULL,'1',-1221,'1',1.0)
COMMIT
SET AUTOCOMMIT TRUE
/*C5*/DELETE FROM VENDA WHERE CODIGO=2
DELETE FROM VENDA WHERE CODIGO=3
DELETE FROM VENDA WHERE CODIGO=4
DELETE FROM VENDA WHERE CODIGO=5
DELETE FROM VENDA WHERE CODIGO=6
/*C57*/DISCONNECT
/*C58*/SET SCHEMA PUBLIC
CONNECT USER SA
DISCONNECT
/*C59*/SET SCHEMA PUBLIC
CONNECT USER SA
SET AUTOCOMMIT FALSE
INSERT INTO PRODUTO VALUES(17,'Produto 5',NULL,'1',1,'1',1.0)
COMMIT
SET AUTOCOMMIT TRUE
SET AUTOCOMMIT FALSE
SET AUTOCOMMIT TRUE
DISCONNECT
/*C60*/SET SCHEMA PUBLIC
CONNECT USER SA
DISCONNECT
/*C61*/SET SCHEMA PUBLIC
CONNECT USER SA
SET AUTOCOMMIT FALSE
INSERT INTO VENDA VALUES(7,15,7,'2018-06-30')
COMMIT
SET AUTOCOMMIT TRUE
SET AUTOCOMMIT FALSE
DELETE FROM PRODUTO WHERE CODIGO=15
INSERT INTO PRODUTO VALUES(15,'Produto 1',NULL,'1',-1228,'1',1.0)
COMMIT
SET AUTOCOMMIT TRUE
SET AUTOCOMMIT FALSE
INSERT INTO VENDA VALUES(8,15,9,'2018-06-30')
COMMIT
SET AUTOCOMMIT TRUE
SET AUTOCOMMIT FALSE
DELETE FROM PRODUTO WHERE CODIGO=15
INSERT INTO PRODUTO VALUES(15,'Produto 1',NULL,'1',-1237,'1',1.0)
COMMIT
SET AUTOCOMMIT TRUE
/*C5*/DISCONNECT
/*C61*/DISCONNECT
